<?xml version="1.0" encoding="UTF-8"?>
<!-- Generated by org.testng.reporters.JUnitReportReporter -->
<testsuite hostname="DESKTOP-HSEV31H" failures="0" tests="2" name="TestNGPractice.parallelExecutionTestNgPractice" time="0.021" errors="0" timestamp="2022-09-19T15:55:38 IST" skipped="0">
  <testcase classname="TestNGPractice.parallelExecutionTestNgPractice" name="test1" time="0.020"/>
  <system-out/>
  <testcase classname="TestNGPractice.parallelExecutionTestNgPractice" name="test2" time="0.001"/>
  <system-out/>
</testsuite> <!-- TestNGPractice.parallelExecutionTestNgPractice -->
