<?xml version="1.0" encoding="UTF-8"?>
<!-- Generated by org.testng.reporters.JUnitReportReporter -->
<testsuite hostname="DESKTOP-HSEV31H" failures="0" tests="2" name="TestNGPractice.testCaseClass1" time="0.034" errors="0" timestamp="2022-09-20T13:05:19 IST" skipped="0">
  <testcase classname="TestNGPractice.testCaseClass1" name="testMethod2" time="0.017"/>
  <system-out/>
  <testcase classname="TestNGPractice.testCaseClass1" name="testMethod1" time="0.017"/>
  <system-out/>
</testsuite> <!-- TestNGPractice.testCaseClass1 -->
