<?xml version="1.0" encoding="UTF-8"?>
<!-- Generated by org.testng.reporters.JUnitReportReporter -->
<testsuite hostname="DESKTOP-HSEV31H" failures="0" tests="4" name="TestNGPractice.testCase1" time="0.039" errors="0" timestamp="2022-09-16T08:06:53 IST" skipped="0">
  <testcase classname="TestNGPractice.testCase1" name="testMethod1" time="0.017"/>
  <system-out/>
  <testcase classname="TestNGPractice.testCase1" name="testMethod1" time="0.001"/>
  <system-out/>
  <testcase classname="TestNGPractice.testCase1" name="testMethod2" time="0.005"/>
  <system-out/>
  <testcase classname="TestNGPractice.testCase1" name="testMethod2" time="0.016"/>
  <system-out/>
</testsuite> <!-- TestNGPractice.testCase1 -->
