<?xml version="1.0" encoding="UTF-8"?>
<!-- Generated by org.testng.reporters.JUnitReportReporter -->
<testsuite hostname="DESKTOP-HSEV31H" failures="0" tests="2" name="org.hrm.HrHead.TestNgpractice" time="0.011" errors="0" timestamp="2022-09-09T10:46:38 IST" skipped="0">
  <testcase classname="org.hrm.HrHead.TestNgpractice" name="testscript1" time="0.008"/>
  <system-out/>
  <testcase classname="org.hrm.HrHead.TestNgpractice" name="testscript2" time="0.003"/>
  <system-out/>
</testsuite> <!-- org.hrm.HrHead.TestNgpractice -->
