<?xml version="1.0" encoding="UTF-8"?>
<!-- Generated by org.testng.reporters.JUnitReportReporter -->
<testsuite hostname="DESKTOP-HSEV31H" failures="0" tests="1" name="org.hrm.HrHead.EditAdminTest" time="5.324" errors="0" timestamp="2022-09-13T09:36:39 IST" skipped="0">
  <testcase classname="org.hrm.HrHead.EditAdminTest" name="editAdminTest" time="5.324"/>
  <system-out/>
</testsuite> <!-- org.hrm.HrHead.EditAdminTest -->
