<?xml version="1.0" encoding="UTF-8"?>
<!-- Generated by org.testng.reporters.JUnitReportReporter -->
<testsuite hostname="DESKTOP-HSEV31H" failures="0" tests="2" name="TestNGPractice.TestCase2" time="0.021" errors="0" timestamp="2022-09-16T08:06:53 IST" skipped="0">
  <testcase classname="TestNGPractice.TestCase2" name="testMethod3" time="0.004"/>
  <system-out/>
  <testcase classname="TestNGPractice.TestCase2" name="testMethod3" time="0.017"/>
  <system-out/>
</testsuite> <!-- TestNGPractice.TestCase2 -->
