<?xml version="1.0" encoding="UTF-8"?>
<!-- Generated by org.testng.reporters.JUnitReportReporter -->
<testsuite hostname="DESKTOP-HSEV31H" failures="0" tests="2" name="TestNGPractice.TestCase3" time="0.018" errors="0" timestamp="2022-09-16T08:06:53 IST" skipped="0">
  <testcase classname="TestNGPractice.TestCase3" name="testMethod1" time="0.016"/>
  <system-out/>
  <testcase classname="TestNGPractice.TestCase3" name="testMethod1" time="0.002"/>
  <system-out/>
</testsuite> <!-- TestNGPractice.TestCase3 -->
