<?xml version="1.0" encoding="UTF-8"?>
<!-- Generated by org.testng.reporters.JUnitReportReporter -->
<testsuite hostname="DESKTOP-HSEV31H" failures="0" tests="4" name="TestNGPractice.ParallelTestExecutionPractice" time="0.010" errors="0" timestamp="2022-09-15T15:37:40 IST" skipped="0">
  <testcase classname="TestNGPractice.ParallelTestExecutionPractice" name="test3" time="0.000"/>
  <system-out/>
  <testcase classname="TestNGPractice.ParallelTestExecutionPractice" name="test2" time="0.001"/>
  <system-out/>
  <testcase classname="TestNGPractice.ParallelTestExecutionPractice" name="test4" time="0.001"/>
  <system-out/>
  <testcase classname="TestNGPractice.ParallelTestExecutionPractice" name="test1" time="0.008"/>
  <system-out/>
</testsuite> <!-- TestNGPractice.ParallelTestExecutionPractice -->
