<?xml version="1.0" encoding="UTF-8"?>
<!-- Generated by org.testng.reporters.JUnitReportReporter -->
<testsuite hostname="DESKTOP-HSEV31H" failures="0" tests="1" name="TestNGPractice.TestCaseClass2" time="0.017" errors="0" timestamp="2022-09-20T13:05:19 IST" skipped="0">
  <testcase classname="TestNGPractice.TestCaseClass2" name="testMethod3" time="0.017"/>
  <system-out/>
</testsuite> <!-- TestNGPractice.TestCaseClass2 -->
