<?xml version="1.0" encoding="UTF-8"?>
<!-- Generated by org.testng.reporters.JUnitReportReporter -->
<testsuite hostname="DESKTOP-HSEV31H" failures="0" tests="1" name="TestNGPractice.SmokeTestingPractice" time="0.008" errors="0" timestamp="2022-09-15T16:07:00 IST" skipped="0">
  <testcase classname="TestNGPractice.SmokeTestingPractice" name="test1" time="0.008"/>
  <system-out/>
</testsuite> <!-- TestNGPractice.SmokeTestingPractice -->
